
> cms@0.0.0 dev
> vite

Port 5173 is in use, trying another one...
Port 5174 is in use, trying another one...
Port 5175 is in use, trying another one...
Port 5176 is in use, trying another one...
Port 5177 is in use, trying another one...
Port 5178 is in use, trying another one...

  VITE v7.0.4  ready in 829 ms

  ➜  Local:   http://localhost:5179/
  ➜  Network: http://10.249.43.142:5179/
  ➜  Network: http://169.254.3.1:5179/
  ➜  Vue DevTools: Open http://localhost:5179/__devtools__/ as a separate window
  ➜  Vue DevTools: Press Alt(⌥)+Shift(⇧)+D in App to toggle the Vue DevTools

> cms@0.0.0 dev
> vite --host 0.0.0.0 --port 5174

Port 5174 is in use, trying another one...
Port 5175 is in use, trying another one...
Port 5176 is in use, trying another one...
Port 5177 is in use, trying another one...
Port 5178 is in use, trying another one...
Port 5179 is in use, trying another one...
Port 5180 is in use, trying another one...
Port 5181 is in use, trying another one...
Port 5182 is in use, trying another one...
Port 5183 is in use, trying another one...
Port 5184 is in use, trying another one...
Port 5185 is in use, trying another one...
Port 5186 is in use, trying another one...
Port 5187 is in use, trying another one...

  VITE v7.0.4  ready in 849 ms

  ➜  Local:   http://localhost:5188/
  ➜  Network: http://10.249.43.142:5188/
  ➜  Network: http://169.254.3.1:5188/
  ➜  Vue DevTools: Open http://localhost:5188/__devtools__/ as a separate window
  ➜  Vue DevTools: Press Alt(⌥)+Shift(⇧)+D in App to toggle the Vue DevTools

> cms@0.0.0 dev
> vite --host 0.0.0.0 --port 5174

Port 5174 is in use, trying another one...
Port 5175 is in use, trying another one...
Port 5176 is in use, trying another one...
Port 5177 is in use, trying another one...
Port 5178 is in use, trying another one...
Port 5179 is in use, trying another one...
Port 5180 is in use, trying another one...
Port 5181 is in use, trying another one...
Port 5182 is in use, trying another one...
Port 5183 is in use, trying another one...
Port 5184 is in use, trying another one...
Port 5185 is in use, trying another one...
Port 5186 is in use, trying another one...
Port 5187 is in use, trying another one...
Port 5188 is in use, trying another one...

  VITE v7.0.4  ready in 878 ms

  ➜  Local:   http://localhost:5189/
  ➜  Network: http://10.249.43.142:5189/
  ➜  Network: http://169.254.3.1:5189/
  ➜  Vue DevTools: Open http://localhost:5189/__devtools__/ as a separate window
  ➜  Vue DevTools: Press Alt(⌥)+Shift(⇧)+D in App to toggle the Vue DevTools

> cms@0.0.0 dev
> vite --host 0.0.0.0 --port 5174

Port 5174 is in use, trying another one...
Port 5175 is in use, trying another one...
Port 5176 is in use, trying another one...
Port 5177 is in use, trying another one...
Port 5178 is in use, trying another one...
Port 5179 is in use, trying another one...
Port 5180 is in use, trying another one...
Port 5181 is in use, trying another one...
Port 5182 is in use, trying another one...
Port 5183 is in use, trying another one...
Port 5184 is in use, trying another one...
Port 5185 is in use, trying another one...
Port 5186 is in use, trying another one...
Port 5187 is in use, trying another one...
Port 5188 is in use, trying another one...

  VITE v7.0.4  ready in 900 ms

  ➜  Local:   http://localhost:5189/
  ➜  Network: http://10.249.43.142:5189/
  ➜  Network: http://169.254.3.1:5189/
  ➜  Vue DevTools: Open http://localhost:5189/__devtools__/ as a separate window
  ➜  Vue DevTools: Press Alt(⌥)+Shift(⇧)+D in App to toggle the Vue DevTools
